2020-12-23 17:03:19,983 [Worker-1: Loading available Gradle versions] INFO  c.g.t.t.d.PublishedGradleVersions - Gradle version information cache is out-of-date. Trying to update.
2020-12-23 17:04:02,761 [Worker-6: Building workspace] INFO  o.e.m.c.i.l.LifecycleMappingFactory - Using org.eclipse.m2e.jdt.JarLifecycleMapping lifecycle mapping for MavenProject: com.example:boot-order-service-consumer:0.0.1-SNAPSHOT @ D:\Work\Eclipse\Dubbo\boot-order-service-consumer\pom.xml.
2020-12-23 17:04:03,120 [Worker-6: Building workspace] WARN  o.e.m.c.i.embedder.EclipseLogger - The POM for com.atguigu.gmall:gmall-interface:jar:0.0.1-SNAPSHOT is missing, no dependency information available
2020-12-23 17:04:05,378 [Worker-6: Building workspace] INFO  o.e.m.c.i.embedder.EclipseLogger - Using 'UTF-8' encoding to copy filtered resources.
2020-12-23 17:04:05,379 [Worker-6: Building workspace] INFO  o.e.m.c.i.embedder.EclipseLogger - Using 'UTF-8' encoding to copy filtered properties files.
2020-12-23 17:04:05,386 [Worker-6: Building workspace] INFO  o.e.m.c.i.embedder.EclipseLogger - Copying 1 resource
2020-12-23 17:04:05,422 [Worker-6: Building workspace] INFO  o.e.m.c.i.embedder.EclipseLogger - Copying 0 resource
2020-12-23 17:04:05,423 [Worker-6: Building workspace] INFO  o.e.m.c.i.embedder.EclipseLogger - The encoding used to copy filtered properties files have not been set. This means that the same encoding will be used to copy filtered properties files as when copying other filtered resources. This might not be what you want! Run your build with --debug to see which files might be affected. Read more at https://maven.apache.org/plugins/maven-resources-plugin/examples/filtering-properties-files.html
2020-12-23 17:04:05,432 [Worker-6: Building workspace] INFO  o.e.m.c.i.embedder.EclipseLogger - Using 'UTF-8' encoding to copy filtered resources.
2020-12-23 17:04:05,432 [Worker-6: Building workspace] INFO  o.e.m.c.i.embedder.EclipseLogger - Using 'UTF-8' encoding to copy filtered properties files.
2020-12-23 17:04:05,433 [Worker-6: Building workspace] INFO  o.e.m.c.i.embedder.EclipseLogger - skip non existing resourceDirectory D:\Work\Eclipse\Dubbo\boot-order-service-consumer\src\test\resources
2020-12-23 17:04:07,673 [Worker-11: Download sources and javadoc] WARN  o.e.m.c.i.embedder.EclipseLogger - The POM for com.atguigu.gmall:gmall-interface:jar:0.0.1-SNAPSHOT is missing, no dependency information available
2020-12-23 17:04:08,459 [Worker-11: Download sources and javadoc] ERROR o.e.m.j.internal.DownloadSourcesJob - Could not download javadoc for com.atguigu.gmall:gmall-interface:0.0.1-SNAPSHOT
org.eclipse.core.runtime.CoreException: Could not resolve artifact com.atguigu.gmall:gmall-interface:jar:javadoc:0.0.1-SNAPSHOT
	at org.eclipse.m2e.core.internal.embedder.MavenImpl$5.call(MavenImpl.java:776) ~[org.eclipse.m2e.core_1.9.1.20180912-1601.jar:na]
	at org.eclipse.m2e.core.internal.embedder.MavenImpl$5.call(MavenImpl.java:1) ~[org.eclipse.m2e.core_1.9.1.20180912-1601.jar:na]
	at org.eclipse.m2e.core.internal.embedder.MavenExecutionContext.executeBare(MavenExecutionContext.java:177) [org.eclipse.m2e.core_1.9.1.20180912-1601.jar:na]
	at org.eclipse.m2e.core.internal.embedder.MavenExecutionContext.execute(MavenExecutionContext.java:112) [org.eclipse.m2e.core_1.9.1.20180912-1601.jar:na]
	at org.eclipse.m2e.core.internal.embedder.MavenExecutionContext.execute(MavenExecutionContext.java:99) [org.eclipse.m2e.core_1.9.1.20180912-1601.jar:na]
	at org.eclipse.m2e.core.internal.embedder.MavenImpl.resolve(MavenImpl.java:743) [org.eclipse.m2e.core_1.9.1.20180912-1601.jar:na]
	at org.eclipse.m2e.core.internal.embedder.MavenImpl.resolve(MavenImpl.java:720) [org.eclipse.m2e.core_1.9.1.20180912-1601.jar:na]
	at org.eclipse.m2e.jdt.internal.DownloadSourcesJob.download(DownloadSourcesJob.java:279) [org.eclipse.m2e.jdt_1.9.1.20180912-1601.jar:na]
	at org.eclipse.m2e.jdt.internal.DownloadSourcesJob.downloadAttachments(DownloadSourcesJob.java:265) [org.eclipse.m2e.jdt_1.9.1.20180912-1601.jar:na]
	at org.eclipse.m2e.jdt.internal.DownloadSourcesJob.downloadMaven(DownloadSourcesJob.java:221) [org.eclipse.m2e.jdt_1.9.1.20180912-1601.jar:na]
	at org.eclipse.m2e.jdt.internal.DownloadSourcesJob.run(DownloadSourcesJob.java:161) [org.eclipse.m2e.jdt_1.9.1.20180912-1601.jar:na]
	at org.eclipse.m2e.jdt.internal.DownloadSourcesJob$1.call(DownloadSourcesJob.java:137) [org.eclipse.m2e.jdt_1.9.1.20180912-1601.jar:na]
	at org.eclipse.m2e.jdt.internal.DownloadSourcesJob$1.call(DownloadSourcesJob.java:1) [org.eclipse.m2e.jdt_1.9.1.20180912-1601.jar:na]
	at org.eclipse.m2e.core.internal.embedder.MavenExecutionContext.executeBare(MavenExecutionContext.java:177) [org.eclipse.m2e.core_1.9.1.20180912-1601.jar:na]
	at org.eclipse.m2e.core.internal.embedder.MavenExecutionContext.execute(MavenExecutionContext.java:151) [org.eclipse.m2e.core_1.9.1.20180912-1601.jar:na]
	at org.eclipse.m2e.core.internal.embedder.MavenExecutionContext.execute(MavenExecutionContext.java:99) [org.eclipse.m2e.core_1.9.1.20180912-1601.jar:na]
	at org.eclipse.m2e.core.internal.embedder.MavenImpl.execute(MavenImpl.java:1355) [org.eclipse.m2e.core_1.9.1.20180912-1601.jar:na]
	at org.eclipse.m2e.jdt.internal.DownloadSourcesJob.run(DownloadSourcesJob.java:135) [org.eclipse.m2e.jdt_1.9.1.20180912-1601.jar:na]
	at org.eclipse.core.internal.jobs.Worker.run(Worker.java:63) [org.eclipse.core.jobs_3.10.100.v20180817-1215.jar:na]
2020-12-23 17:04:08,765 [Worker-3: Updating Maven Dependencies] INFO  o.e.m.c.i.l.LifecycleMappingFactory - Using org.eclipse.m2e.jdt.JarLifecycleMapping lifecycle mapping for MavenProject: com.example:boot-order-service-consumer:0.0.1-SNAPSHOT @ D:\Work\Eclipse\Dubbo\boot-order-service-consumer\pom.xml.
2020-12-23 17:04:09,571 [Worker-3: Updating Maven Dependencies] INFO  o.e.m.c.i.p.WorkspaceClassifierResolverManager - Resolving P/gmall-interface: com.atguigu.gmall:gmall-interface:0.0.1-SNAPSHOT with classifier  to /gmall-interface/target/classes
2020-12-23 17:04:10,037 [Worker-3: Updating Maven Dependencies] INFO  o.e.m.c.i.l.LifecycleMappingFactory - Using org.eclipse.m2e.jdt.JarLifecycleMapping lifecycle mapping for MavenProject: com.example:boot-user-service-provider:0.0.1-SNAPSHOT @ D:\Work\Eclipse\Dubbo\boot-user-service-provider\pom.xml.
2020-12-23 17:04:10,109 [Worker-3: Updating Maven Dependencies] INFO  o.e.m.c.i.p.WorkspaceClassifierResolverManager - Resolving P/gmall-interface: com.atguigu.gmall:gmall-interface:0.0.1-SNAPSHOT with classifier  to /gmall-interface/target/classes
2020-12-23 17:04:10,559 [Worker-3: Updating Maven Dependencies] INFO  o.e.m.c.i.l.LifecycleMappingFactory - Using org.eclipse.m2e.jdt.JarLifecycleMapping lifecycle mapping for MavenProject: com.atguigu.gmall:gmall-interface:0.0.1-SNAPSHOT @ D:\Work\Eclipse\Dubbo\gmall-interface\pom.xml.
2020-12-23 17:04:10,621 [Worker-3: Updating Maven Dependencies] INFO  o.e.m.c.i.l.LifecycleMappingFactory - Using org.eclipse.m2e.jdt.JarLifecycleMapping lifecycle mapping for MavenProject: com.atguigu.gmall:order-service-consumer:0.0.1-SNAPSHOT @ D:\Work\Eclipse\Dubbo\order-service-consumer\pom.xml.
2020-12-23 17:04:10,659 [Worker-3: Updating Maven Dependencies] INFO  o.e.m.c.i.p.WorkspaceClassifierResolverManager - Resolving P/gmall-interface: com.atguigu.gmall:gmall-interface:0.0.1-SNAPSHOT with classifier  to /gmall-interface/target/classes
2020-12-23 17:04:10,699 [Worker-3: Updating Maven Dependencies] INFO  o.e.m.c.i.l.LifecycleMappingFactory - Using org.eclipse.m2e.jdt.JarLifecycleMapping lifecycle mapping for MavenProject: com.atguigu.gmall:user-service-provider:0.0.1-SNAPSHOT @ D:\Work\Eclipse\Dubbo\user-service-provider\pom.xml.
2020-12-23 17:04:10,702 [Worker-3: Updating Maven Dependencies] INFO  o.e.m.c.i.p.WorkspaceClassifierResolverManager - Resolving P/gmall-interface: com.atguigu.gmall:gmall-interface:0.0.1-SNAPSHOT with classifier  to /gmall-interface/target/classes
2020-12-23 17:04:17,569 [Worker-3: Building workspace] INFO  o.e.m.c.i.p.WorkspaceClassifierResolverManager - Resolving P/gmall-interface: com.atguigu.gmall:gmall-interface:0.0.1-SNAPSHOT with classifier  to /gmall-interface/target/classes
2020-12-23 17:04:17,592 [Worker-3: Building workspace] INFO  o.e.m.c.i.embedder.EclipseLogger - Using 'UTF-8' encoding to copy filtered resources.
2020-12-23 17:04:17,593 [Worker-3: Building workspace] INFO  o.e.m.c.i.embedder.EclipseLogger - Using 'UTF-8' encoding to copy filtered properties files.
2020-12-23 17:04:17,606 [Worker-3: Building workspace] INFO  o.e.m.c.i.embedder.EclipseLogger - Copying 1 resource
2020-12-23 17:04:17,679 [Worker-3: Building workspace] INFO  o.e.m.c.i.embedder.EclipseLogger - Copying 0 resource
2020-12-23 17:04:17,683 [Worker-3: Building workspace] INFO  o.e.m.c.i.embedder.EclipseLogger - The encoding used to copy filtered properties files have not been set. This means that the same encoding will be used to copy filtered properties files as when copying other filtered resources. This might not be what you want! Run your build with --debug to see which files might be affected. Read more at https://maven.apache.org/plugins/maven-resources-plugin/examples/filtering-properties-files.html
2020-12-23 17:04:17,686 [Worker-3: Building workspace] INFO  o.e.m.c.i.embedder.EclipseLogger - Using 'UTF-8' encoding to copy filtered resources.
2020-12-23 17:04:17,686 [Worker-3: Building workspace] INFO  o.e.m.c.i.embedder.EclipseLogger - Using 'UTF-8' encoding to copy filtered properties files.
2020-12-23 17:04:17,686 [Worker-3: Building workspace] INFO  o.e.m.c.i.embedder.EclipseLogger - skip non existing resourceDirectory D:\Work\Eclipse\Dubbo\boot-order-service-consumer\src\test\resources
2020-12-23 17:04:18,740 [Worker-12: Building workspace] INFO  o.e.m.c.i.p.WorkspaceClassifierResolverManager - Resolving P/gmall-interface: com.atguigu.gmall:gmall-interface:0.0.1-SNAPSHOT with classifier  to /gmall-interface/target/classes
2020-12-23 17:04:18,760 [Worker-12: Building workspace] INFO  o.e.m.c.i.embedder.EclipseLogger - Using 'UTF-8' encoding to copy filtered resources.
2020-12-23 17:04:18,761 [Worker-12: Building workspace] INFO  o.e.m.c.i.embedder.EclipseLogger - Using 'UTF-8' encoding to copy filtered properties files.
2020-12-23 17:04:18,762 [Worker-12: Building workspace] INFO  o.e.m.c.i.embedder.EclipseLogger - Copying 1 resource
2020-12-23 17:04:18,778 [Worker-12: Building workspace] INFO  o.e.m.c.i.embedder.EclipseLogger - Copying 2 resources
2020-12-23 17:04:18,779 [Worker-12: Building workspace] INFO  o.e.m.c.i.embedder.EclipseLogger - The encoding used to copy filtered properties files have not been set. This means that the same encoding will be used to copy filtered properties files as when copying other filtered resources. This might not be what you want! Run your build with --debug to see which files might be affected. Read more at https://maven.apache.org/plugins/maven-resources-plugin/examples/filtering-properties-files.html
2020-12-23 17:04:18,784 [Worker-12: Building workspace] INFO  o.e.m.c.i.embedder.EclipseLogger - Using 'UTF-8' encoding to copy filtered resources.
2020-12-23 17:04:18,786 [Worker-12: Building workspace] INFO  o.e.m.c.i.embedder.EclipseLogger - Using 'UTF-8' encoding to copy filtered properties files.
2020-12-23 17:04:18,786 [Worker-12: Building workspace] INFO  o.e.m.c.i.embedder.EclipseLogger - skip non existing resourceDirectory D:\Work\Eclipse\Dubbo\boot-user-service-provider\src\test\resources
2020-12-23 17:04:19,319 [Worker-12: Building workspace] WARN  o.e.m.c.i.embedder.EclipseLogger - Using platform encoding (GBK actually) to copy filtered resources, i.e. build is platform dependent!
2020-12-23 17:04:19,320 [Worker-12: Building workspace] INFO  o.e.m.c.i.embedder.EclipseLogger - Copying 0 resource
2020-12-23 17:04:19,322 [Worker-12: Building workspace] WARN  o.e.m.c.i.embedder.EclipseLogger - Using platform encoding (GBK actually) to copy filtered resources, i.e. build is platform dependent!
2020-12-23 17:04:19,324 [Worker-12: Building workspace] INFO  o.e.m.c.i.embedder.EclipseLogger - Copying 0 resource
2020-12-23 17:04:20,020 [Worker-12: Building workspace] INFO  o.e.m.c.i.embedder.EclipseLogger - Using 'UTF-8' encoding to copy filtered resources.
2020-12-23 17:04:20,021 [Worker-12: Building workspace] INFO  o.e.m.c.i.embedder.EclipseLogger - Using 'UTF-8' encoding to copy filtered properties files.
2020-12-23 17:04:20,023 [Worker-12: Building workspace] INFO  o.e.m.c.i.embedder.EclipseLogger - Copying 1 resource
2020-12-23 17:04:20,028 [Worker-12: Building workspace] INFO  o.e.m.c.i.embedder.EclipseLogger - Copying 0 resource
2020-12-23 17:04:20,028 [Worker-12: Building workspace] INFO  o.e.m.c.i.embedder.EclipseLogger - The encoding used to copy filtered properties files have not been set. This means that the same encoding will be used to copy filtered properties files as when copying other filtered resources. This might not be what you want! Run your build with --debug to see which files might be affected. Read more at https://maven.apache.org/plugins/maven-resources-plugin/examples/filtering-properties-files.html
2020-12-23 17:04:20,033 [Worker-12: Building workspace] INFO  o.e.m.c.i.embedder.EclipseLogger - Using 'UTF-8' encoding to copy filtered resources.
2020-12-23 17:04:20,033 [Worker-12: Building workspace] INFO  o.e.m.c.i.embedder.EclipseLogger - Using 'UTF-8' encoding to copy filtered properties files.
2020-12-23 17:04:20,033 [Worker-12: Building workspace] INFO  o.e.m.c.i.embedder.EclipseLogger - skip non existing resourceDirectory D:\Work\Eclipse\Dubbo\boot-order-service-consumer\src\test\resources
2020-12-23 17:04:20,203 [Worker-12: Building workspace] INFO  o.e.m.c.i.embedder.EclipseLogger - Using 'UTF-8' encoding to copy filtered resources.
2020-12-23 17:04:20,203 [Worker-12: Building workspace] INFO  o.e.m.c.i.embedder.EclipseLogger - Using 'UTF-8' encoding to copy filtered properties files.
2020-12-23 17:04:20,206 [Worker-12: Building workspace] INFO  o.e.m.c.i.embedder.EclipseLogger - Copying 1 resource
2020-12-23 17:04:20,208 [Worker-12: Building workspace] INFO  o.e.m.c.i.embedder.EclipseLogger - Copying 2 resources
2020-12-23 17:04:20,215 [Worker-12: Building workspace] INFO  o.e.m.c.i.embedder.EclipseLogger - The encoding used to copy filtered properties files have not been set. This means that the same encoding will be used to copy filtered properties files as when copying other filtered resources. This might not be what you want! Run your build with --debug to see which files might be affected. Read more at https://maven.apache.org/plugins/maven-resources-plugin/examples/filtering-properties-files.html
2020-12-23 17:04:20,218 [Worker-12: Building workspace] INFO  o.e.m.c.i.embedder.EclipseLogger - Using 'UTF-8' encoding to copy filtered resources.
2020-12-23 17:04:20,218 [Worker-12: Building workspace] INFO  o.e.m.c.i.embedder.EclipseLogger - Using 'UTF-8' encoding to copy filtered properties files.
2020-12-23 17:04:20,218 [Worker-12: Building workspace] INFO  o.e.m.c.i.embedder.EclipseLogger - skip non existing resourceDirectory D:\Work\Eclipse\Dubbo\boot-user-service-provider\src\test\resources
2020-12-23 17:04:20,499 [Worker-12: Building workspace] INFO  o.e.m.c.i.p.WorkspaceClassifierResolverManager - Resolving P/gmall-interface: com.atguigu.gmall:gmall-interface:0.0.1-SNAPSHOT with classifier  to /gmall-interface/target/classes
2020-12-23 17:04:20,519 [Worker-12: Building workspace] WARN  o.e.m.c.i.embedder.EclipseLogger - Using platform encoding (GBK actually) to copy filtered resources, i.e. build is platform dependent!
2020-12-23 17:04:20,520 [Worker-12: Building workspace] INFO  o.e.m.c.i.embedder.EclipseLogger - Copying 1 resource
2020-12-23 17:04:20,533 [Worker-12: Building workspace] WARN  o.e.m.c.i.embedder.EclipseLogger - Using platform encoding (GBK actually) to copy filtered resources, i.e. build is platform dependent!
2020-12-23 17:04:20,534 [Worker-12: Building workspace] INFO  o.e.m.c.i.embedder.EclipseLogger - Copying 0 resource
2020-12-23 17:04:20,704 [Worker-12: Building workspace] INFO  o.e.m.c.i.p.WorkspaceClassifierResolverManager - Resolving P/gmall-interface: com.atguigu.gmall:gmall-interface:0.0.1-SNAPSHOT with classifier  to /gmall-interface/target/classes
2020-12-23 17:04:20,719 [Worker-12: Building workspace] WARN  o.e.m.c.i.embedder.EclipseLogger - Using platform encoding (GBK actually) to copy filtered resources, i.e. build is platform dependent!
2020-12-23 17:04:20,720 [Worker-12: Building workspace] INFO  o.e.m.c.i.embedder.EclipseLogger - Copying 1 resource
2020-12-23 17:04:20,723 [Worker-12: Building workspace] WARN  o.e.m.c.i.embedder.EclipseLogger - Using platform encoding (GBK actually) to copy filtered resources, i.e. build is platform dependent!
2020-12-23 17:04:20,724 [Worker-12: Building workspace] INFO  o.e.m.c.i.embedder.EclipseLogger - Copying 0 resource
2020-12-23 17:07:00,052 [Worker-10: Launching BootUserServiceProviderApplication] INFO  o.e.m.c.i.p.WorkspaceClassifierResolverManager - Resolving P/gmall-interface: com.atguigu.gmall:gmall-interface:0.0.1-SNAPSHOT with classifier null to /gmall-interface/target/classes
2020-12-23 17:07:00,071 [Worker-10: Launching BootUserServiceProviderApplication] INFO  o.e.m.c.i.p.WorkspaceClassifierResolverManager - Resolving P/gmall-interface: com.atguigu.gmall:gmall-interface:0.0.1-SNAPSHOT with classifier null to /gmall-interface/target/classes
2020-12-23 17:07:34,014 [Worker-9: Launching BootOrderServiceConsumerApplication] INFO  o.e.m.c.i.p.WorkspaceClassifierResolverManager - Resolving P/gmall-interface: com.atguigu.gmall:gmall-interface:0.0.1-SNAPSHOT with classifier null to /gmall-interface/target/classes
2020-12-23 17:07:34,042 [Worker-9: Launching BootOrderServiceConsumerApplication] INFO  o.e.m.c.i.p.WorkspaceClassifierResolverManager - Resolving P/gmall-interface: com.atguigu.gmall:gmall-interface:0.0.1-SNAPSHOT with classifier null to /gmall-interface/target/classes
